#
# There is insufficient memory for the Java Runtime Environment to continue.
# Native memory allocation (malloc) failed to allocate 2097152 bytes for AllocateHeap
# Possible reasons:
#   The system is out of physical RAM or swap space
#   The process is running with CompressedOops enabled, and the Java Heap may be blocking the growth of the native heap
# Possible solutions:
#   Reduce memory load on the system
#   Increase physical memory or swap space
#   Check if swap backing store is full
#   Decrease Java heap size (-Xmx/-Xms)
#   Decrease number of Java threads
#   Decrease Java thread stack sizes (-Xss)
#   Set larger code cache with -XX:ReservedCodeCacheSize=
#   JVM is running with Unscaled Compressed Oops mode in which the Java heap is
#     placed in the first 4GB address space. The Java Heap base address is the
#     maximum limit for the native heap growth. Please use -XX:HeapBaseMinAddress
#     to set the Java Heap base and to place the Java Heap above 4GB virtual address.
# This output file may be truncated or incomplete.
#
#  Out of Memory Error (allocation.cpp:44), pid=79532, tid=76920
#
# JRE version: OpenJDK Runtime Environment Temurin-17.0.3+7 (17.0.3+7) (build 17.0.3+7)
# Java VM: OpenJDK 64-Bit Server VM Temurin-17.0.3+7 (17.0.3+7, mixed mode, emulated-client, tiered, compressed oops, compressed class ptrs, g1 gc, windows-amd64)
# No core dump will be written. Minidumps are not enabled by default on client versions of Windows
#

---------------  S U M M A R Y ------------

Command Line: -Dsts.lsp.client=vscode -Dsts.log.file=/dev/null -XX:TieredStopAtLevel=1 -Dspring.config.location=file:c:\Users\samee\.vscode\extensions\pivotal.vscode-spring-boot-1.38.0\language-server\BOOT-INF\classes\application.properties org.springframework.ide.vscode.boot.app.BootLanguageServerBootApp

Host: AMD Ryzen 5 5500U with Radeon Graphics         , 12 cores, 5G,  Windows 11 , 64 bit Build 22000 (10.0.22000.708)
Time: Sun Aug 14 19:16:09 2022 India Standard Time elapsed time: 14979.559834 seconds (0d 4h 9m 39s)

---------------  T H R E A D  ---------------

Current thread (0x0000023ea11a6fb0):  VMThread "VM Thread" [stack: 0x000000db84800000,0x000000db84900000] [id=76920]

Stack: [0x000000db84800000,0x000000db84900000]
Native frames: (J=compiled Java code, j=interpreted, Vv=VM code, C=native code)
V  [jvm.dll+0x675efa]
V  [jvm.dll+0x830a24]
V  [jvm.dll+0x8321ce]
V  [jvm.dll+0x832833]
V  [jvm.dll+0x2454b5]
V  [jvm.dll+0xa6393]
V  [jvm.dll+0x2f5651]
V  [jvm.dll+0x2f12d0]
V  [jvm.dll+0x2d99b7]
V  [jvm.dll+0x31cac7]
V  [jvm.dll+0x836cdb]
V  [jvm.dll+0x837a14]
V  [jvm.dll+0x837f2c]
V  [jvm.dll+0x838304]
V  [jvm.dll+0x8383d0]
V  [jvm.dll+0x7e0cfa]
V  [jvm.dll+0x674d85]
C  [ucrtbase.dll+0x26c0c]
C  [KERNEL32.DLL+0x154e0]
C  [ntdll.dll+0x485b]

VM_Operation (0x000000db876feaf0): G1CollectFull, mode: safepoint, requested by thread 0x0000023ea3f993a0


---------------  P R O C E S S  ---------------

Threads class SMR info:
_java_thread_list=0x0000023ea4122390, length=30, elements={
0x0000023ea11bd390, 0x0000023ea11c1130, 0x0000023ea11fc140, 0x0000023ea11fccc0,
0x0000023ea11fe7a0, 0x0000023ea11ff060, 0x0000023ea1202e20, 0x0000023ea1c084a0,
0x0000023ea1e07e80, 0x0000023ea1e15400, 0x0000023ea3f993a0, 0x0000023ea44df6b0,
0x0000023ea44dfb80, 0x0000023ea44dc690, 0x0000023ea44db820, 0x0000023ea44e1860,
0x0000023ea44ded10, 0x0000023ea44e0050, 0x0000023ea44e2200, 0x0000023ea5c73b70,
0x0000023ea5c56290, 0x0000023ea5c72d00, 0x0000023ea5b63c70, 0x0000023ea5b64610,
0x0000023ea5b65480, 0x0000023ea5b64ae0, 0x0000023ea5c731d0, 0x0000023ea43a95e0,
0x0000023ea43a9110, 0x0000023ea43a9ab0
}

Java Threads: ( => current thread )
  0x0000023ea11bd390 JavaThread "Reference Handler" daemon [_thread_blocked, id=78984, stack(0x000000db84900000,0x000000db84a00000)]
  0x0000023ea11c1130 JavaThread "Finalizer" daemon [_thread_blocked, id=71316, stack(0x000000db84a00000,0x000000db84b00000)]
  0x0000023ea11fc140 JavaThread "Signal Dispatcher" daemon [_thread_blocked, id=45208, stack(0x000000db84b00000,0x000000db84c00000)]
  0x0000023ea11fccc0 JavaThread "Attach Listener" daemon [_thread_blocked, id=79060, stack(0x000000db84c00000,0x000000db84d00000)]
  0x0000023ea11fe7a0 JavaThread "Service Thread" daemon [_thread_blocked, id=75948, stack(0x000000db84d00000,0x000000db84e00000)]
  0x0000023ea11ff060 JavaThread "Monitor Deflation Thread" daemon [_thread_blocked, id=77488, stack(0x000000db84e00000,0x000000db84f00000)]
  0x0000023ea1202e20 JavaThread "C1 CompilerThread0" daemon [_thread_blocked, id=58344, stack(0x000000db84f00000,0x000000db85000000)]
  0x0000023ea1c084a0 JavaThread "Sweeper thread" daemon [_thread_blocked, id=78876, stack(0x000000db85000000,0x000000db85100000)]
  0x0000023ea1e07e80 JavaThread "Notification Thread" daemon [_thread_blocked, id=75856, stack(0x000000db85200000,0x000000db85300000)]
  0x0000023ea1e15400 JavaThread "Common-Cleaner" daemon [_thread_blocked, id=80860, stack(0x000000db85400000,0x000000db85500000)]
  0x0000023ea3f993a0 JavaThread "pool-7-thread-1" [_thread_blocked, id=67204, stack(0x000000db87600000,0x000000db87700000)]
  0x0000023ea44df6b0 JavaThread "LanguageServerApp-lifecycle" [_thread_blocked, id=64732, stack(0x000000db87700000,0x000000db87800000)]
  0x0000023ea44dfb80 JavaThread "DestroyJavaVM" [_thread_blocked, id=79860, stack(0x000000db84200000,0x000000db84300000)]
  0x0000023ea44dc690 JavaThread "pool-8-thread-1" [_thread_in_native, id=73336, stack(0x000000db87800000,0x000000db87900000)]
  0x0000023ea44db820 JavaThread "Simple-Language-Server main thread" daemon [_thread_blocked, id=58248, stack(0x000000db87900000,0x000000db87a00000)]
  0x0000023ea44e1860 JavaThread "pool-5-thread-1" [_thread_blocked, id=80560, stack(0x000000db87a00000,0x000000db87b00000)]
  0x0000023ea44ded10 JavaThread "parallel-1" daemon [_thread_blocked, id=73040, stack(0x000000db87b00000,0x000000db87c00000)]
  0x0000023ea44e0050 JavaThread "Reconciler-1" daemon [_thread_blocked, id=71656, stack(0x000000db87c00000,0x000000db87d00000)]
  0x0000023ea44e2200 JavaThread "parallel-2" daemon [_thread_blocked, id=74988, stack(0x000000db87d00000,0x000000db87e00000)]
  0x0000023ea5c73b70 JavaThread "pool-3-thread-1" [_thread_blocked, id=79804, stack(0x000000db88300000,0x000000db88400000)]
  0x0000023ea5c56290 JavaThread "parallel-3" daemon [_thread_blocked, id=50720, stack(0x000000db88400000,0x000000db88500000)]
  0x0000023ea5c72d00 JavaThread "parallel-4" daemon [_thread_blocked, id=74260, stack(0x000000db88600000,0x000000db88700000)]
  0x0000023ea5b63c70 JavaThread "parallel-5" daemon [_thread_blocked, id=67788, stack(0x000000db86300000,0x000000db86400000)]
  0x0000023ea5b64610 JavaThread "parallel-6" daemon [_thread_blocked, id=75720, stack(0x000000db86700000,0x000000db86800000)]
  0x0000023ea5b65480 JavaThread "parallel-7" daemon [_thread_blocked, id=53416, stack(0x000000db85100000,0x000000db85200000)]
  0x0000023ea5b64ae0 JavaThread "parallel-8" daemon [_thread_blocked, id=77408, stack(0x000000db85500000,0x000000db85600000)]
  0x0000023ea5c731d0 JavaThread "parallel-9" daemon [_thread_blocked, id=79788, stack(0x000000db86800000,0x000000db86900000)]
  0x0000023ea43a95e0 JavaThread "parallel-10" daemon [_thread_blocked, id=80448, stack(0x000000db86b00000,0x000000db86c00000)]
  0x0000023ea43a9110 JavaThread "parallel-11" daemon [_thread_blocked, id=71604, stack(0x000000db86c00000,0x000000db86d00000)]
  0x0000023ea43a9ab0 JavaThread "parallel-12" daemon [_thread_blocked, id=67280, stack(0x000000db86d00000,0x000000db86e00000)]

Other Threads:
=>0x0000023ea11a6fb0 VMThread "VM Thread" [stack: 0x000000db84800000,0x000000db84900000] [id=76920]
  0x0000023e94db7b20 WatcherThread [stack: 0x000000db85300000,0x000000db85400000] [id=73484]
  0x0000023e94da2df0 GCTaskThread "GC Thread#0" [stack: 0x000000db84300000,0x000000db84400000] [id=58772]
  0x0000023ea24fbb00 GCTaskThread "GC Thread#1" [stack: 0x000000db85600000,0x000000db85700000] [id=66888]
  0x0000023ea25e5ec0 GCTaskThread "GC Thread#2" [stack: 0x000000db85700000,0x000000db85800000] [id=71464]
  0x0000023ea25e6170 GCTaskThread "GC Thread#3" [stack: 0x000000db85800000,0x000000db85900000] [id=74120]
  0x0000023ea25eb450 GCTaskThread "GC Thread#4" [stack: 0x000000db85900000,0x000000db85a00000] [id=77768]
  0x0000023ea25edd30 GCTaskThread "GC Thread#5" [stack: 0x000000db85a00000,0x000000db85b00000] [id=72696]
  0x0000023ea25edfe0 GCTaskThread "GC Thread#6" [stack: 0x000000db85b00000,0x000000db85c00000] [id=80000]
  0x0000023ea385c910 GCTaskThread "GC Thread#7" [stack: 0x000000db85d00000,0x000000db85e00000] [id=24420]
  0x0000023ea385cfd0 GCTaskThread "GC Thread#8" [stack: 0x000000db85e00000,0x000000db85f00000] [id=73224]
  0x0000023ea38d5ad0 GCTaskThread "GC Thread#9" [stack: 0x000000db85f00000,0x000000db86000000] [id=70196]
  0x0000023e94db1020 ConcurrentGCThread "G1 Main Marker" [stack: 0x000000db84400000,0x000000db84500000] [id=80616]
  0x0000023e94db20e0 ConcurrentGCThread "G1 Conc#0" [stack: 0x000000db84500000,0x000000db84600000] [id=73144]
  0x0000023ea3966ee0 ConcurrentGCThread "G1 Conc#1" [stack: 0x000000db86000000,0x000000db86100000] [id=66504]
  0x0000023ea39a4c80 ConcurrentGCThread "G1 Conc#2" [stack: 0x000000db86100000,0x000000db86200000] [id=66856]
  0x0000023ea1020090 ConcurrentGCThread "G1 Refine#0" [stack: 0x000000db84600000,0x000000db84700000] [id=74352]
  0x0000023ea5a4d460 ConcurrentGCThread "G1 Refine#1" [stack: 0x000000db88100000,0x000000db88200000] [id=72600]
  0x0000023ea3b443d0 ConcurrentGCThread "G1 Refine#2" [stack: 0x000000db88700000,0x000000db88800000] [id=80160]
  0x0000023ea433c060 ConcurrentGCThread "G1 Refine#3" [stack: 0x000000db88800000,0x000000db88900000] [id=44540]
  0x0000023ea45fa320 ConcurrentGCThread "G1 Refine#4" [stack: 0x000000db88900000,0x000000db88a00000] [id=73904]
  0x0000023ea656c170 ConcurrentGCThread "G1 Refine#5" [stack: 0x000000db88a00000,0x000000db88b00000] [id=72732]
  0x0000023ea656ca10 ConcurrentGCThread "G1 Refine#6" [stack: 0x000000db85c00000,0x000000db85d00000] [id=63428]
  0x0000023ea656ccf0 ConcurrentGCThread "G1 Refine#7" [stack: 0x000000db86400000,0x000000db86500000] [id=68836]
  0x0000023ea656bbb0 ConcurrentGCThread "G1 Refine#8" [stack: 0x000000db86500000,0x000000db86600000] [id=75520]
  0x0000023ea656c730 ConcurrentGCThread "G1 Refine#9" [stack: 0x000000db86600000,0x000000db86700000] [id=77368]
  0x0000023ea10209c0 ConcurrentGCThread "G1 Service" [stack: 0x000000db84700000,0x000000db84800000] [id=62732]

Threads with active compile tasks:

VM state: at safepoint (normal execution)

VM Mutex/Monitor currently owned by a thread:  ([mutex/lock_event])
[0x0000023e92ad9900] Threads_lock - owner thread: 0x0000023ea11a6fb0
[0x0000023e92babab0] Heap_lock - owner thread: 0x0000023ea3f993a0

Heap address: 0x00000000a2200000, size: 1502 MB, Compressed Oops mode: 32-bit

CDS archive(s) not mapped
Compressed class space mapped at: 0x0000000100000000-0x0000000140000000, reserved size: 1073741824
Narrow klass base: 0x0000000000000000, Narrow klass shift: 3, Narrow klass range: 0x140000000

GC Precious Log:
 CPUs: 12 total, 12 available
 Memory: 6005M
 Large Page Support: Disabled
 NUMA Support: Disabled
 Compressed Oops: Enabled (32-bit)
 Heap Region Size: 1M
 Heap Min Capacity: 8M
 Heap Initial Capacity: 94M
 Heap Max Capacity: 1502M
 Pre-touch: Disabled
 Parallel Workers: 10
 Concurrent Workers: 3
 Concurrent Refinement Workers: 10
 Periodic GC: Disabled

Heap:
 garbage-first heap   total 119808K, used 35413K [0x00000000a2200000, 0x0000000100000000)
  region size 1024K, 1 young (1024K), 0 survivors (0K)
 Metaspace       used 52391K, committed 52992K, reserved 1097728K
  class space    used 6938K, committed 7168K, reserved 1048576K

Heap Regions: E=young(eden), S=young(survivor), O=old, HS=humongous(starts), HC=humongous(continues), CS=collection set, F=free, OA=open archive, CA=closed archive, TAMS=top-at-mark-start (previous, next)
|   0|0x00000000a2200000, 0x00000000a2300000, 0x00000000a2300000|100%| O|  |TAMS 0x00000000a2300000, 0x00000000a2200000| Untracked 
|   1|0x00000000a2300000, 0x00000000a2400000, 0x00000000a2400000|100%| O|  |TAMS 0x00000000a2400000, 0x00000000a2300000| Untracked 
|   2|0x00000000a2400000, 0x00000000a24fffe8, 0x00000000a2500000| 99%| O|  |TAMS 0x00000000a24fffe8, 0x00000000a2400000| Untracked 
|   3|0x00000000a2500000, 0x00000000a25ffff0, 0x00000000a2600000| 99%| O|  |TAMS 0x00000000a25ffff0, 0x00000000a2500000| Untracked 
|   4|0x00000000a2600000, 0x00000000a2700000, 0x00000000a2700000|100%| O|  |TAMS 0x00000000a2700000, 0x00000000a2600000| Untracked 
|   5|0x00000000a2700000, 0x00000000a27ffff0, 0x00000000a2800000| 99%| O|  |TAMS 0x00000000a27ffff0, 0x00000000a2700000| Untracked 
|   6|0x00000000a2800000, 0x00000000a28fffc8, 0x00000000a2900000| 99%| O|  |TAMS 0x00000000a28fffc8, 0x00000000a2800000| Untracked 
|   7|0x00000000a2900000, 0x00000000a29ffff8, 0x00000000a2a00000| 99%| O|  |TAMS 0x00000000a29ffff8, 0x00000000a2900000| Untracked 
|   8|0x00000000a2a00000, 0x00000000a2afffd0, 0x00000000a2b00000| 99%| O|  |TAMS 0x00000000a2afffd0, 0x00000000a2a00000| Untracked 
|   9|0x00000000a2b00000, 0x00000000a2bffff0, 0x00000000a2c00000| 99%| O|  |TAMS 0x00000000a2bffff0, 0x00000000a2b00000| Untracked 
|  10|0x00000000a2c00000, 0x00000000a2cffff0, 0x00000000a2d00000| 99%| O|  |TAMS 0x00000000a2cffff0, 0x00000000a2c00000| Untracked 
|  11|0x00000000a2d00000, 0x00000000a2dffff0, 0x00000000a2e00000| 99%| O|  |TAMS 0x00000000a2dffff0, 0x00000000a2d00000| Untracked 
|  12|0x00000000a2e00000, 0x00000000a2effb90, 0x00000000a2f00000| 99%| O|  |TAMS 0x00000000a2effb90, 0x00000000a2e00000| Untracked 
|  13|0x00000000a2f00000, 0x00000000a2ffffe8, 0x00000000a3000000| 99%| O|  |TAMS 0x00000000a2ffffe8, 0x00000000a2f00000| Untracked 
|  14|0x00000000a3000000, 0x00000000a30ff148, 0x00000000a3100000| 99%| O|  |TAMS 0x00000000a30ff148, 0x00000000a3000000| Untracked 
|  15|0x00000000a3100000, 0x00000000a31ffff0, 0x00000000a3200000| 99%| O|  |TAMS 0x00000000a31ffff0, 0x00000000a3100000| Untracked 
|  16|0x00000000a3200000, 0x00000000a3300000, 0x00000000a3300000|100%| O|  |TAMS 0x00000000a3300000, 0x00000000a3200000| Untracked 
|  17|0x00000000a3300000, 0x00000000a33fffe8, 0x00000000a3400000| 99%| O|  |TAMS 0x00000000a33fffe8, 0x00000000a3300000| Untracked 
|  18|0x00000000a3400000, 0x00000000a34ff058, 0x00000000a3500000| 99%| O|  |TAMS 0x00000000a34ff058, 0x00000000a3400000| Untracked 
|  19|0x00000000a3500000, 0x00000000a3600000, 0x00000000a3600000|100%| O|  |TAMS 0x00000000a3600000, 0x00000000a3500000| Untracked 
|  20|0x00000000a3600000, 0x00000000a3700000, 0x00000000a3700000|100%| O|  |TAMS 0x00000000a3700000, 0x00000000a3600000| Untracked 
|  21|0x00000000a3700000, 0x00000000a37ffff8, 0x00000000a3800000| 99%| O|  |TAMS 0x00000000a37ffff8, 0x00000000a3700000| Untracked 
|  22|0x00000000a3800000, 0x00000000a38ffff8, 0x00000000a3900000| 99%| O|  |TAMS 0x00000000a38ffff8, 0x00000000a3800000| Untracked 
|  23|0x00000000a3900000, 0x00000000a39fff08, 0x00000000a3a00000| 99%| O|  |TAMS 0x00000000a39fff08, 0x00000000a3900000| Untracked 
|  24|0x00000000a3a00000, 0x00000000a3afffd8, 0x00000000a3b00000| 99%| O|  |TAMS 0x00000000a3afffd8, 0x00000000a3a00000| Untracked 
|  25|0x00000000a3b00000, 0x00000000a3bfb428, 0x00000000a3c00000| 98%| O|  |TAMS 0x00000000a3bfb428, 0x00000000a3b00000| Untracked 
|  26|0x00000000a3c00000, 0x00000000a3cff9f0, 0x00000000a3d00000| 99%| O|  |TAMS 0x00000000a3cff9f0, 0x00000000a3c00000| Untracked 
|  27|0x00000000a3d00000, 0x00000000a3dfffe8, 0x00000000a3e00000| 99%| O|  |TAMS 0x00000000a3dfffe8, 0x00000000a3d00000| Untracked 
|  28|0x00000000a3e00000, 0x00000000a3e9f978, 0x00000000a3f00000| 62%| O|  |TAMS 0x00000000a3e00000, 0x00000000a3e00000| Untracked 
|  29|0x00000000a3f00000, 0x00000000a3fffff0, 0x00000000a4000000| 99%| O|  |TAMS 0x00000000a3fffff0, 0x00000000a3f00000| Untracked 
|  30|0x00000000a4000000, 0x00000000a4002230, 0x00000000a4100000|  0%| O|  |TAMS 0x00000000a4000000, 0x00000000a4000000| Untracked 
|  31|0x00000000a4100000, 0x00000000a4100000, 0x00000000a4200000|  0%| F|  |TAMS 0x00000000a4100000, 0x00000000a4100000| Untracked 
|  32|0x00000000a4200000, 0x00000000a4200000, 0x00000000a4300000|  0%| F|  |TAMS 0x00000000a4200000, 0x00000000a4200000| Untracked 
|  33|0x00000000a4300000, 0x00000000a43fffe0, 0x00000000a4400000| 99%| O|  |TAMS 0x00000000a43fffe0, 0x00000000a4300000| Untracked 
|  34|0x00000000a4400000, 0x00000000a44fb160, 0x00000000a4500000| 98%| O|  |TAMS 0x00000000a44fb160, 0x00000000a4400000| Untracked 
|  35|0x00000000a4500000, 0x00000000a4500000, 0x00000000a4600000|  0%| F|  |TAMS 0x00000000a4500000, 0x00000000a4500000| Untracked 
|  36|0x00000000a4600000, 0x00000000a4600000, 0x00000000a4700000|  0%| F|  |TAMS 0x00000000a4600000, 0x00000000a4600000| Untracked 
|  37|0x00000000a4700000, 0x00000000a4700000, 0x00000000a4800000|  0%| F|  |TAMS 0x00000000a4700000, 0x00000000a4700000| Untracked 
|  38|0x00000000a4800000, 0x00000000a4800000, 0x00000000a4900000|  0%| F|  |TAMS 0x00000000a4800000, 0x00000000a4800000| Untracked 
|  39|0x00000000a4900000, 0x00000000a4900000, 0x00000000a4a00000|  0%| F|  |TAMS 0x00000000a4900000, 0x00000000a4900000| Untracked 
|  40|0x00000000a4a00000, 0x00000000a4a00000, 0x00000000a4b00000|  0%| F|  |TAMS 0x00000000a4a00000, 0x00000000a4a00000| Untracked 
|  41|0x00000000a4b00000, 0x00000000a4b00000, 0x00000000a4c00000|  0%| F|  |TAMS 0x00000000a4b00000, 0x00000000a4b00000| Untracked 
|  42|0x00000000a4c00000, 0x00000000a4c00000, 0x00000000a4d00000|  0%| F|  |TAMS 0x00000000a4c00000, 0x00000000a4c00000| Untracked 
|  43|0x00000000a4d00000, 0x00000000a4d00000, 0x00000000a4e00000|  0%| F|  |TAMS 0x00000000a4d00000, 0x00000000a4d00000| Untracked 
|  44|0x00000000a4e00000, 0x00000000a4e00000, 0x00000000a4f00000|  0%| F|  |TAMS 0x00000000a4e00000, 0x00000000a4e00000| Untracked 
|  45|0x00000000a4f00000, 0x00000000a4f00000, 0x00000000a5000000|  0%| F|  |TAMS 0x00000000a4f00000, 0x00000000a4f00000| Untracked 
|  46|0x00000000a5000000, 0x00000000a5000000, 0x00000000a5100000|  0%| F|  |TAMS 0x00000000a5000000, 0x00000000a5000000| Untracked 
|  47|0x00000000a5100000, 0x00000000a5100000, 0x00000000a5200000|  0%| F|  |TAMS 0x00000000a5100000, 0x00000000a5100000| Untracked 
|  48|0x00000000a5200000, 0x00000000a5200000, 0x00000000a5300000|  0%| F|  |TAMS 0x00000000a5200000, 0x00000000a5200000| Untracked 
|  49|0x00000000a5300000, 0x00000000a5300000, 0x00000000a5400000|  0%| F|  |TAMS 0x00000000a5300000, 0x00000000a5300000| Untracked 
|  50|0x00000000a5400000, 0x00000000a5400000, 0x00000000a5500000|  0%| F|  |TAMS 0x00000000a5400000, 0x00000000a5400000| Untracked 
|  51|0x00000000a5500000, 0x00000000a5500000, 0x00000000a5600000|  0%| F|  |TAMS 0x00000000a5500000, 0x00000000a5500000| Untracked 
|  52|0x00000000a5600000, 0x00000000a5600000, 0x00000000a5700000|  0%| F|  |TAMS 0x00000000a5600000, 0x00000000a5600000| Untracked 
|  53|0x00000000a5700000, 0x00000000a5700000, 0x00000000a5800000|  0%| F|  |TAMS 0x00000000a5700000, 0x00000000a5700000| Untracked 
|  54|0x00000000a5800000, 0x00000000a5800000, 0x00000000a5900000|  0%| F|  |TAMS 0x00000000a5800000, 0x00000000a5800000| Untracked 
|  55|0x00000000a5900000, 0x00000000a5900000, 0x00000000a5a00000|  0%| F|  |TAMS 0x00000000a5900000, 0x00000000a5900000| Untracked 
|  56|0x00000000a5a00000, 0x00000000a5a00000, 0x00000000a5b00000|  0%| F|  |TAMS 0x00000000a5a00000, 0x00000000a5a00000| Untracked 
|  57|0x00000000a5b00000, 0x00000000a5b00000, 0x00000000a5c00000|  0%| F|  |TAMS 0x00000000a5b00000, 0x00000000a5b00000| Untracked 
|  58|0x00000000a5c00000, 0x00000000a5c00000, 0x00000000a5d00000|  0%| F|  |TAMS 0x00000000a5c00000, 0x00000000a5c00000| Untracked 
|  59|0x00000000a5d00000, 0x00000000a5d00000, 0x00000000a5e00000|  0%| F|  |TAMS 0x00000000a5d00000, 0x00000000a5d00000| Untracked 
|  60|0x00000000a5e00000, 0x00000000a5e00000, 0x00000000a5f00000|  0%| F|  |TAMS 0x00000000a5e00000, 0x00000000a5e00000| Untracked 
|  61|0x00000000a5f00000, 0x00000000a5f00000, 0x00000000a6000000|  0%| F|  |TAMS 0x00000000a5f00000, 0x00000000a5f00000| Untracked 
|  62|0x00000000a6000000, 0x00000000a6000000, 0x00000000a6100000|  0%| F|  |TAMS 0x00000000a6000000, 0x00000000a6000000| Untracked 
|  63|0x00000000a6100000, 0x00000000a6100000, 0x00000000a6200000|  0%| F|  |TAMS 0x00000000a6100000, 0x00000000a6100000| Untracked 
|  64|0x00000000a6200000, 0x00000000a6200000, 0x00000000a6300000|  0%| F|  |TAMS 0x00000000a6200000, 0x00000000a6200000| Untracked 
|  65|0x00000000a6300000, 0x00000000a6300000, 0x00000000a6400000|  0%| F|  |TAMS 0x00000000a6300000, 0x00000000a6300000| Untracked 
|  66|0x00000000a6400000, 0x00000000a6400000, 0x00000000a6500000|  0%| F|  |TAMS 0x00000000a6400000, 0x00000000a6400000| Untracked 
|  67|0x00000000a6500000, 0x00000000a6500000, 0x00000000a6600000|  0%| F|  |TAMS 0x00000000a6500000, 0x00000000a6500000| Untracked 
|  68|0x00000000a6600000, 0x00000000a6600000, 0x00000000a6700000|  0%| F|  |TAMS 0x00000000a6600000, 0x00000000a6600000| Untracked 
|  69|0x00000000a6700000, 0x00000000a6700000, 0x00000000a6800000|  0%| F|  |TAMS 0x00000000a6700000, 0x00000000a6700000| Untracked 
|  70|0x00000000a6800000, 0x00000000a6800000, 0x00000000a6900000|  0%| F|  |TAMS 0x00000000a6800000, 0x00000000a6800000| Untracked 
|  71|0x00000000a6900000, 0x00000000a6900000, 0x00000000a6a00000|  0%| F|  |TAMS 0x00000000a6900000, 0x00000000a6900000| Untracked 
|  72|0x00000000a6a00000, 0x00000000a6a00000, 0x00000000a6b00000|  0%| F|  |TAMS 0x00000000a6a00000, 0x00000000a6a00000| Untracked 
|  73|0x00000000a6b00000, 0x00000000a6b00000, 0x00000000a6c00000|  0%| F|  |TAMS 0x00000000a6b00000, 0x00000000a6b00000| Untracked 
|  74|0x00000000a6c00000, 0x00000000a6c00000, 0x00000000a6d00000|  0%| F|  |TAMS 0x00000000a6c00000, 0x00000000a6c00000| Untracked 
|  75|0x00000000a6d00000, 0x00000000a6d00000, 0x00000000a6e00000|  0%| F|  |TAMS 0x00000000a6d00000, 0x00000000a6d00000| Untracked 
|  76|0x00000000a6e00000, 0x00000000a6e00000, 0x00000000a6f00000|  0%| F|  |TAMS 0x00000000a6e00000, 0x00000000a6e00000| Untracked 
|  77|0x00000000a6f00000, 0x00000000a6f00000, 0x00000000a7000000|  0%| F|  |TAMS 0x00000000a6f00000, 0x00000000a6f00000| Untracked 
|  78|0x00000000a7000000, 0x00000000a7000000, 0x00000000a7100000|  0%| F|  |TAMS 0x00000000a7000000, 0x00000000a7000000| Untracked 
|  79|0x00000000a7100000, 0x00000000a7100000, 0x00000000a7200000|  0%| F|  |TAMS 0x00000000a7100000, 0x00000000a7100000| Untracked 
|  80|0x00000000a7200000, 0x00000000a7200000, 0x00000000a7300000|  0%| F|  |TAMS 0x00000000a7200000, 0x00000000a7200000| Untracked 
|  81|0x00000000a7300000, 0x00000000a7300000, 0x00000000a7400000|  0%| F|  |TAMS 0x00000000a7300000, 0x00000000a7300000| Untracked 
|  82|0x00000000a7400000, 0x00000000a7500000, 0x00000000a7500000|100%|HS|  |TAMS 0x00000000a7500000, 0x00000000a7400000| Untracked 
|  83|0x00000000a7500000, 0x00000000a7600000, 0x00000000a7600000|100%|HC|  |TAMS 0x00000000a7600000, 0x00000000a7500000| Untracked 
|  84|0x00000000a7600000, 0x00000000a7700000, 0x00000000a7700000|100%|HS|  |TAMS 0x00000000a7700000, 0x00000000a7600000| Untracked 
|  85|0x00000000a7700000, 0x00000000a7700000, 0x00000000a7800000|  0%| F|  |TAMS 0x00000000a7700000, 0x00000000a7700000| Untracked 
|  86|0x00000000a7800000, 0x00000000a7800000, 0x00000000a7900000|  0%| F|  |TAMS 0x00000000a7800000, 0x00000000a7800000| Untracked 
|  87|0x00000000a7900000, 0x00000000a7900000, 0x00000000a7a00000|  0%| F|  |TAMS 0x00000000a7900000, 0x00000000a7900000| Untracked 
|  88|0x00000000a7a00000, 0x00000000a7a00000, 0x00000000a7b00000|  0%| F|  |TAMS 0x00000000a7a00000, 0x00000000a7a00000| Untracked 
|  89|0x00000000a7b00000, 0x00000000a7b00000, 0x00000000a7c00000|  0%| F|  |TAMS 0x00000000a7b00000, 0x00000000a7b00000| Untracked 
|  90|0x00000000a7c00000, 0x00000000a7c00000, 0x00000000a7d00000|  0%| F|  |TAMS 0x00000000a7c00000, 0x00000000a7c00000| Untracked 
|  91|0x00000000a7d00000, 0x00000000a7d00000, 0x00000000a7e00000|  0%| F|  |TAMS 0x00000000a7d00000, 0x00000000a7d00000| Untracked 
|  92|0x00000000a7e00000, 0x00000000a7e00000, 0x00000000a7f00000|  0%| F|  |TAMS 0x00000000a7e00000, 0x00000000a7e00000| Untracked 
|  93|0x00000000a7f00000, 0x00000000a7f00000, 0x00000000a8000000|  0%| F|  |TAMS 0x00000000a7f00000, 0x00000000a7f00000| Untracked 
|  94|0x00000000a8000000, 0x00000000a8000000, 0x00000000a8100000|  0%| F|  |TAMS 0x00000000a8000000, 0x00000000a8000000| Untracked 
|  95|0x00000000a8100000, 0x00000000a8100000, 0x00000000a8200000|  0%| F|  |TAMS 0x00000000a8100000, 0x00000000a8100000| Untracked 
|  96|0x00000000a8200000, 0x00000000a8200000, 0x00000000a8300000|  0%| F|  |TAMS 0x00000000a8200000, 0x00000000a8200000| Untracked 
|  97|0x00000000a8300000, 0x00000000a8300000, 0x00000000a8400000|  0%| F|  |TAMS 0x00000000a8300000, 0x00000000a8300000| Untracked 
|  98|0x00000000a8400000, 0x00000000a8400000, 0x00000000a8500000|  0%| F|  |TAMS 0x00000000a8400000, 0x00000000a8400000| Untracked 
|  99|0x00000000a8500000, 0x00000000a8500000, 0x00000000a8600000|  0%| F|  |TAMS 0x00000000a8500000, 0x00000000a8500000| Untracked 
| 100|0x00000000a8600000, 0x00000000a8600000, 0x00000000a8700000|  0%| F|  |TAMS 0x00000000a8600000, 0x00000000a8600000| Untracked 
| 101|0x00000000a8700000, 0x00000000a8700000, 0x00000000a8800000|  0%| F|  |TAMS 0x00000000a8700000, 0x00000000a8700000| Untracked 
| 102|0x00000000a8800000, 0x00000000a8800000, 0x00000000a8900000|  0%| F|  |TAMS 0x00000000a8800000, 0x00000000a8800000| Untracked 
| 103|0x00000000a8900000, 0x00000000a8900000, 0x00000000a8a00000|  0%| F|  |TAMS 0x00000000a8900000, 0x00000000a8900000| Untracked 
| 104|0x00000000a8a00000, 0x00000000a8a00000, 0x00000000a8b00000|  0%| F|  |TAMS 0x00000000a8a00000, 0x00000000a8a00000| Untracked 
| 105|0x00000000a8b00000, 0x00000000a8b00000, 0x00000000a8c00000|  0%| F|  |TAMS 0x00000000a8b00000, 0x00000000a8b00000| Untracked 
| 106|0x00000000a8c00000, 0x00000000a8c00000, 0x00000000a8d00000|  0%| F|  |TAMS 0x00000000a8c00000, 0x00000000a8c00000| Untracked 
| 107|0x00000000a8d00000, 0x00000000a8d00000, 0x00000000a8e00000|  0%| F|  |TAMS 0x00000000a8d00000, 0x00000000a8d00000| Untracked 
| 108|0x00000000a8e00000, 0x00000000a8e00000, 0x00000000a8f00000|  0%| F|  |TAMS 0x00000000a8e00000, 0x00000000a8e00000| Untracked 
| 109|0x00000000a8f00000, 0x00000000a8f00000, 0x00000000a9000000|  0%| F|  |TAMS 0x00000000a8f00000, 0x00000000a8f00000| Untracked 
| 110|0x00000000a9000000, 0x00000000a9000000, 0x00000000a9100000|  0%| F|  |TAMS 0x00000000a9000000, 0x00000000a9000000| Untracked 
| 111|0x00000000a9100000, 0x00000000a9100000, 0x00000000a9200000|  0%| F|  |TAMS 0x00000000a9100000, 0x00000000a9100000| Untracked 
| 112|0x00000000a9200000, 0x00000000a9200000, 0x00000000a9300000|  0%| F|  |TAMS 0x00000000a9200000, 0x00000000a9200000| Untracked 
| 113|0x00000000a9300000, 0x00000000a9300000, 0x00000000a9400000|  0%| F|  |TAMS 0x00000000a9300000, 0x00000000a9300000| Untracked 
| 114|0x00000000a9400000, 0x00000000a9400000, 0x00000000a9500000|  0%| F|  |TAMS 0x00000000a9400000, 0x00000000a9400000| Untracked 
| 115|0x00000000a9500000, 0x00000000a9500000, 0x00000000a9600000|  0%| F|  |TAMS 0x00000000a9500000, 0x00000000a9500000| Untracked 
| 116|0x00000000a9600000, 0x00000000a9605ae8, 0x00000000a9700000|  2%| E|  |TAMS 0x00000000a9600000, 0x00000000a9600000| Complete 

Card table byte_map: [0x0000023e9b000000,0x0000023e9b2f0000] _byte_map_base: 0x0000023e9aaef000

Marking Bits (Prev, Next): (CMBitMap*) 0x0000023e94da4360, (CMBitMap*) 0x0000023e94da4320
 Prev Bits: [0x0000023e9cd60000, 0x0000023e9e4d8000)
 Next Bits: [0x0000023e9b5e0000, 0x0000023e9cd58000)

Polling page: 0x0000023e94530000

Metaspace:

Usage:
  Non-class:     44.39 MB used.
      Class:      6.78 MB used.
       Both:     51.16 MB used.

Virtual space:
  Non-class space:       48.00 MB reserved,      44.75 MB ( 93%) committed,  6 nodes.
      Class space:        1.00 GB reserved,       7.00 MB ( <1%) committed,  1 nodes.
             Both:        1.05 GB reserved,      51.75 MB (  5%) committed. 

Chunk freelists:
   Non-Class:  2.56 MB
       Class:  1.04 MB
        Both:  3.60 MB

MaxMetaspaceSize: unlimited
CompressedClassSpaceSize: 1.00 GB
Initial GC threshold: 21.00 MB
Current GC threshold: 86.25 MB
CDS: off
MetaspaceReclaimPolicy: balanced
 - commit_granule_bytes: 65536.
 - commit_granule_words: 8192.
 - virtual_space_node_default_size: 1048576.
 - enlarge_chunks_in_place: 1.
 - new_chunks_are_fully_committed: 0.
 - uncommit_free_chunks: 1.
 - use_allocation_guard: 0.
 - handle_deallocations: 1.


Internal statistics:

num_allocs_failed_limit: 3.
num_arena_births: 492.
num_arena_deaths: 140.
num_vsnodes_births: 7.
num_vsnodes_deaths: 0.
num_space_committed: 828.
num_space_uncommitted: 0.
num_chunks_returned_to_freelist: 163.
num_chunks_taken_from_freelist: 2143.
num_chunk_merges: 55.
num_chunk_splits: 1533.
num_chunks_enlarged: 1213.
num_purges: 4.
num_inconsistent_stats: 0.

CodeCache: size=49152Kb used=15935Kb max_used=15935Kb free=33216Kb
 bounds [0x0000023e979e0000, 0x0000023e98970000, 0x0000023e9a9e0000]
 total_blobs=8841 nmethods=8230 adapters=538
 compilation: enabled
              stopped_count=0, restarted_count=0
 full_count=0

Compilation events (20 events):
Event: 14693.681 Thread 0x0000023ea1202e20 8223       1       java.util.concurrent.locks.AbstractQueuedSynchronizer$ConditionObject::awaitNanos (200 bytes)
Event: 14693.696 Thread 0x0000023ea1202e20 nmethod 8223 0x0000023e9896be10 code [0x0000023e9896c040, 0x0000023e9896c828]
Event: 14852.439 Thread 0x0000023ea1202e20 8224       1       java.lang.invoke.LambdaForm$MH/0x00000001000c9400::invoke (27 bytes)
Event: 14852.444 Thread 0x0000023ea1202e20 nmethod 8224 0x0000023e9896cd10 code [0x0000023e9896cec0, 0x0000023e9896d018]
Event: 14852.445 Thread 0x0000023ea1202e20 8225       1       java.lang.StringConcatHelper::newArrayWithSuffix (40 bytes)
Event: 14852.451 Thread 0x0000023ea1202e20 nmethod 8225 0x0000023e9896d110 code [0x0000023e9896d2c0, 0x0000023e9896d4a8]
Event: 14873.488 Thread 0x0000023ea1202e20 8226       1       java.lang.Runtime::exec (73 bytes)
Event: 14873.504 Thread 0x0000023ea1202e20 nmethod 8226 0x0000023e9896d610 code [0x0000023e9896d820, 0x0000023e9896ddb8]
Event: 14873.504 Thread 0x0000023ea1202e20 8227       1       java.lang.ProcessBuilder::<init> (56 bytes)
Event: 14873.508 Thread 0x0000023ea1202e20 nmethod 8227 0x0000023e9896e110 code [0x0000023e9896e2c0, 0x0000023e9896e4f8]
Event: 14926.149 Thread 0x0000023ea1202e20 8228       1       java.util.Properties::getProperty (16 bytes)
Event: 14926.150 Thread 0x0000023ea1202e20 nmethod 8228 0x0000023e9896e610 code [0x0000023e9896e7a0, 0x0000023e9896e8a8]
Event: 14936.916 Thread 0x0000023ea1202e20 8229       1       java.lang.invoke.Invokers$Holder::linkToTargetMethod (9 bytes)
Event: 14936.917 Thread 0x0000023ea1202e20 nmethod 8229 0x0000023e9896e910 code [0x0000023e9896eac0, 0x0000023e9896ebd8]
Event: 14937.551 Thread 0x0000023ea1202e20 8230   !   1       java.io.FileOutputStream::close (69 bytes)
Event: 14937.662 Thread 0x0000023ea1202e20 nmethod 8230 0x0000023e9896ec90 code [0x0000023e9896ee60, 0x0000023e9896f1d8]
Event: 14937.662 Thread 0x0000023ea1202e20 8231       1       java.io.FileOutputStream$1::<init> (10 bytes)
Event: 14937.662 Thread 0x0000023ea1202e20 nmethod 8231 0x0000023e9896f310 code [0x0000023e9896f4a0, 0x0000023e9896f5b8]
Event: 14937.662 Thread 0x0000023ea1202e20 8232       1       java.io.FileOutputStream$1::close (11 bytes)
Event: 14937.664 Thread 0x0000023ea1202e20 nmethod 8232 0x0000023e9896f610 code [0x0000023e9896f7c0, 0x0000023e9896fad8]

GC Heap History (20 events):
Event: 14873.860 GC heap before
{Heap before GC invocations=238 (full 204):
 garbage-first heap   total 119808K, used 35413K [0x00000000a2200000, 0x0000000100000000)
  region size 1024K, 1 young (1024K), 0 survivors (0K)
 Metaspace       used 52391K, committed 52992K, reserved 1097728K
  class space    used 6938K, committed 7168K, reserved 1048576K
}
Event: 14873.901 GC heap after
{Heap after GC invocations=239 (full 205):
 garbage-first heap   total 119808K, used 35413K [0x00000000a2200000, 0x0000000100000000)
  region size 1024K, 0 young (0K), 0 survivors (0K)
 Metaspace       used 52391K, committed 52992K, reserved 1097728K
  class space    used 6938K, committed 7168K, reserved 1048576K
}
Event: 14884.348 GC heap before
{Heap before GC invocations=239 (full 205):
 garbage-first heap   total 119808K, used 35413K [0x00000000a2200000, 0x0000000100000000)
  region size 1024K, 1 young (1024K), 0 survivors (0K)
 Metaspace       used 52391K, committed 52992K, reserved 1097728K
  class space    used 6938K, committed 7168K, reserved 1048576K
}
Event: 14884.391 GC heap after
{Heap after GC invocations=240 (full 206):
 garbage-first heap   total 119808K, used 35413K [0x00000000a2200000, 0x0000000100000000)
  region size 1024K, 0 young (0K), 0 survivors (0K)
 Metaspace       used 52391K, committed 52992K, reserved 1097728K
  class space    used 6938K, committed 7168K, reserved 1048576K
}
Event: 14894.843 GC heap before
{Heap before GC invocations=240 (full 206):
 garbage-first heap   total 119808K, used 35413K [0x00000000a2200000, 0x0000000100000000)
  region size 1024K, 1 young (1024K), 0 survivors (0K)
 Metaspace       used 52391K, committed 52992K, reserved 1097728K
  class space    used 6938K, committed 7168K, reserved 1048576K
}
Event: 14894.882 GC heap after
{Heap after GC invocations=241 (full 207):
 garbage-first heap   total 119808K, used 35413K [0x00000000a2200000, 0x0000000100000000)
  region size 1024K, 0 young (0K), 0 survivors (0K)
 Metaspace       used 52391K, committed 52992K, reserved 1097728K
  class space    used 6938K, committed 7168K, reserved 1048576K
}
Event: 14905.474 GC heap before
{Heap before GC invocations=241 (full 207):
 garbage-first heap   total 119808K, used 35413K [0x00000000a2200000, 0x0000000100000000)
  region size 1024K, 1 young (1024K), 0 survivors (0K)
 Metaspace       used 52391K, committed 52992K, reserved 1097728K
  class space    used 6938K, committed 7168K, reserved 1048576K
}
Event: 14905.520 GC heap after
{Heap after GC invocations=242 (full 208):
 garbage-first heap   total 119808K, used 35413K [0x00000000a2200000, 0x0000000100000000)
  region size 1024K, 0 young (0K), 0 survivors (0K)
 Metaspace       used 52391K, committed 52992K, reserved 1097728K
  class space    used 6938K, committed 7168K, reserved 1048576K
}
Event: 14916.084 GC heap before
{Heap before GC invocations=242 (full 208):
 garbage-first heap   total 119808K, used 35413K [0x00000000a2200000, 0x0000000100000000)
  region size 1024K, 1 young (1024K), 0 survivors (0K)
 Metaspace       used 52391K, committed 52992K, reserved 1097728K
  class space    used 6938K, committed 7168K, reserved 1048576K
}
Event: 14916.144 GC heap after
{Heap after GC invocations=243 (full 209):
 garbage-first heap   total 119808K, used 35413K [0x00000000a2200000, 0x0000000100000000)
  region size 1024K, 0 young (0K), 0 survivors (0K)
 Metaspace       used 52391K, committed 52992K, reserved 1097728K
  class space    used 6938K, committed 7168K, reserved 1048576K
}
Event: 14926.828 GC heap before
{Heap before GC invocations=243 (full 209):
 garbage-first heap   total 119808K, used 35413K [0x00000000a2200000, 0x0000000100000000)
  region size 1024K, 1 young (1024K), 0 survivors (0K)
 Metaspace       used 52391K, committed 52992K, reserved 1097728K
  class space    used 6938K, committed 7168K, reserved 1048576K
}
Event: 14926.900 GC heap after
{Heap after GC invocations=244 (full 210):
 garbage-first heap   total 119808K, used 35413K [0x00000000a2200000, 0x0000000100000000)
  region size 1024K, 0 young (0K), 0 survivors (0K)
 Metaspace       used 52391K, committed 52992K, reserved 1097728K
  class space    used 6938K, committed 7168K, reserved 1048576K
}
Event: 14937.552 GC heap before
{Heap before GC invocations=244 (full 210):
 garbage-first heap   total 119808K, used 35413K [0x00000000a2200000, 0x0000000100000000)
  region size 1024K, 1 young (1024K), 0 survivors (0K)
 Metaspace       used 52391K, committed 52992K, reserved 1097728K
  class space    used 6938K, committed 7168K, reserved 1048576K
}
Event: 14937.641 GC heap after
{Heap after GC invocations=245 (full 211):
 garbage-first heap   total 119808K, used 35413K [0x00000000a2200000, 0x0000000100000000)
  region size 1024K, 0 young (0K), 0 survivors (0K)
 Metaspace       used 52391K, committed 52992K, reserved 1097728K
  class space    used 6938K, committed 7168K, reserved 1048576K
}
Event: 14948.050 GC heap before
{Heap before GC invocations=245 (full 211):
 garbage-first heap   total 119808K, used 35413K [0x00000000a2200000, 0x0000000100000000)
  region size 1024K, 1 young (1024K), 0 survivors (0K)
 Metaspace       used 52391K, committed 52992K, reserved 1097728K
  class space    used 6938K, committed 7168K, reserved 1048576K
}
Event: 14948.088 GC heap after
{Heap after GC invocations=246 (full 212):
 garbage-first heap   total 119808K, used 35413K [0x00000000a2200000, 0x0000000100000000)
  region size 1024K, 0 young (0K), 0 survivors (0K)
 Metaspace       used 52391K, committed 52992K, reserved 1097728K
  class space    used 6938K, committed 7168K, reserved 1048576K
}
Event: 14958.558 GC heap before
{Heap before GC invocations=246 (full 212):
 garbage-first heap   total 119808K, used 35413K [0x00000000a2200000, 0x0000000100000000)
  region size 1024K, 1 young (1024K), 0 survivors (0K)
 Metaspace       used 52391K, committed 52992K, reserved 1097728K
  class space    used 6938K, committed 7168K, reserved 1048576K
}
Event: 14958.601 GC heap after
{Heap after GC invocations=247 (full 213):
 garbage-first heap   total 119808K, used 35413K [0x00000000a2200000, 0x0000000100000000)
  region size 1024K, 0 young (0K), 0 survivors (0K)
 Metaspace       used 52391K, committed 52992K, reserved 1097728K
  class space    used 6938K, committed 7168K, reserved 1048576K
}
Event: 14969.077 GC heap before
{Heap before GC invocations=247 (full 213):
 garbage-first heap   total 119808K, used 35413K [0x00000000a2200000, 0x0000000100000000)
  region size 1024K, 1 young (1024K), 0 survivors (0K)
 Metaspace       used 52391K, committed 52992K, reserved 1097728K
  class space    used 6938K, committed 7168K, reserved 1048576K
}
Event: 14969.124 GC heap after
{Heap after GC invocations=248 (full 214):
 garbage-first heap   total 119808K, used 35413K [0x00000000a2200000, 0x0000000100000000)
  region size 1024K, 0 young (0K), 0 survivors (0K)
 Metaspace       used 52391K, committed 52992K, reserved 1097728K
  class space    used 6938K, committed 7168K, reserved 1048576K
}

Deoptimization events (20 events):
Event: 17.160 Thread 0x0000023ea3d73220 DEOPT PACKING pc=0x0000023e987238f4 sp=0x000000db862fdbc0
Event: 17.160 Thread 0x0000023ea3d73220 DEOPT UNPACKING pc=0x0000023e97a32b43 sp=0x000000db862fd0b8 mode 0
Event: 17.160 Thread 0x0000023ea3d73220 DEOPT PACKING pc=0x0000023e9873baf4 sp=0x000000db862fdc90
Event: 17.160 Thread 0x0000023ea3d73220 DEOPT UNPACKING pc=0x0000023e97a32b43 sp=0x000000db862fd168 mode 0
Event: 17.160 Thread 0x0000023ea3d73220 DEOPT PACKING pc=0x0000023e986d8fa4 sp=0x000000db862fdd40
Event: 17.160 Thread 0x0000023ea3d73220 DEOPT UNPACKING pc=0x0000023e97a32b43 sp=0x000000db862fd2c0 mode 0
Event: 17.160 Thread 0x0000023ea3d73220 DEOPT PACKING pc=0x0000023e9870ff2c sp=0x000000db862fe040
Event: 17.160 Thread 0x0000023ea3d73220 DEOPT UNPACKING pc=0x0000023e97a32b43 sp=0x000000db862fd4d0 mode 0
Event: 18.955 Thread 0x0000023ea5c224c0 DEOPT PACKING pc=0x0000023e97d28194 sp=0x000000db882fdbc0
Event: 18.955 Thread 0x0000023ea5c224c0 DEOPT UNPACKING pc=0x0000023e97a32b43 sp=0x000000db882fd050 mode 3
Event: 42.524 Thread 0x0000023ea3d73220 DEOPT PACKING pc=0x0000023e97b00940 sp=0x000000db862fd3a0
Event: 42.524 Thread 0x0000023ea3d73220 DEOPT UNPACKING pc=0x0000023e97a32b43 sp=0x000000db862fc9f8 mode 3
Event: 57.678 Thread 0x0000023ea3d73220 DEOPT PACKING pc=0x0000023e97cc9346 sp=0x000000db862fcb80
Event: 57.678 Thread 0x0000023ea3d73220 DEOPT UNPACKING pc=0x0000023e97a32b43 sp=0x000000db862fc040 mode 3
Event: 85.183 Thread 0x0000023ea5c224c0 DEOPT PACKING pc=0x0000023e988a113e sp=0x000000db882fd390
Event: 85.183 Thread 0x0000023ea5c224c0 DEOPT UNPACKING pc=0x0000023e97a32b43 sp=0x000000db882fc888 mode 3
Event: 138.666 Thread 0x0000023ea5c73b70 DEOPT PACKING pc=0x0000023e98900da0 sp=0x000000db883fde50
Event: 138.666 Thread 0x0000023ea5c73b70 DEOPT UNPACKING pc=0x0000023e97a32b43 sp=0x000000db883fd2d0 mode 3
Event: 638.225 Thread 0x0000023ea44dc690 DEOPT PACKING pc=0x0000023e98042854 sp=0x000000db878ff1a0
Event: 638.226 Thread 0x0000023ea44dc690 DEOPT UNPACKING pc=0x0000023e97a32b43 sp=0x000000db878fe628 mode 0

Classes unloaded (20 events):
Event: 260.538 Thread 0x0000023ea11a6fb0 Unloading class 0x0000000100322000 'java/lang/invoke/LambdaForm$MH+0x0000000100322000'
Event: 260.538 Thread 0x0000023ea11a6fb0 Unloading class 0x0000000100321c00 'java/lang/invoke/LambdaForm$MH+0x0000000100321c00'
Event: 260.538 Thread 0x0000023ea11a6fb0 Unloading class 0x0000000100321800 'java/lang/invoke/LambdaForm$MH+0x0000000100321800'
Event: 260.538 Thread 0x0000023ea11a6fb0 Unloading class 0x0000000100321400 'java/lang/invoke/LambdaForm$MH+0x0000000100321400'
Event: 260.538 Thread 0x0000023ea11a6fb0 Unloading class 0x0000000100320c00 'java/lang/invoke/LambdaForm$DMH+0x0000000100320c00'
Event: 260.538 Thread 0x0000023ea11a6fb0 Unloading class 0x0000000100320400 'java/lang/invoke/LambdaForm$DMH+0x0000000100320400'
Event: 260.538 Thread 0x0000023ea11a6fb0 Unloading class 0x00000001001a1800 'java/lang/invoke/LambdaForm$MH+0x00000001001a1800'
Event: 260.538 Thread 0x0000023ea11a6fb0 Unloading class 0x00000001001a1400 'java/lang/invoke/LambdaForm$MH+0x00000001001a1400'
Event: 260.538 Thread 0x0000023ea11a6fb0 Unloading class 0x00000001001a1000 'java/lang/invoke/LambdaForm$MH+0x00000001001a1000'
Event: 260.538 Thread 0x0000023ea11a6fb0 Unloading class 0x00000001001a0c00 'java/lang/invoke/LambdaForm$MH+0x00000001001a0c00'
Event: 260.538 Thread 0x0000023ea11a6fb0 Unloading class 0x00000001001a0800 'java/lang/invoke/LambdaForm$MH+0x00000001001a0800'
Event: 260.538 Thread 0x0000023ea11a6fb0 Unloading class 0x00000001001a0000 'java/lang/invoke/LambdaForm$MH+0x00000001001a0000'
Event: 260.538 Thread 0x0000023ea11a6fb0 Unloading class 0x00000001000ca800 'java/lang/invoke/LambdaForm$MH+0x00000001000ca800'
Event: 260.538 Thread 0x0000023ea11a6fb0 Unloading class 0x00000001000ca000 'java/lang/invoke/LambdaForm$MH+0x00000001000ca000'
Event: 260.538 Thread 0x0000023ea11a6fb0 Unloading class 0x00000001000c9c00 'java/lang/invoke/LambdaForm$MH+0x00000001000c9c00'
Event: 260.538 Thread 0x0000023ea11a6fb0 Unloading class 0x00000001000c9800 'java/lang/invoke/LambdaForm$MH+0x00000001000c9800'
Event: 260.538 Thread 0x0000023ea11a6fb0 Unloading class 0x00000001000c9000 'java/lang/invoke/LambdaForm$MH+0x00000001000c9000'
Event: 260.538 Thread 0x0000023ea11a6fb0 Unloading class 0x00000001000c8c00 'java/lang/invoke/LambdaForm$MH+0x00000001000c8c00'
Event: 260.538 Thread 0x0000023ea11a6fb0 Unloading class 0x00000001000c8800 'java/lang/invoke/LambdaForm$MH+0x00000001000c8800'
Event: 260.538 Thread 0x0000023ea11a6fb0 Unloading class 0x00000001000c8000 'java/lang/invoke/LambdaForm$MH+0x00000001000c8000'

Classes redefined (0 events):
No events

Internal exceptions (20 events):
Event: 16.355 Thread 0x0000023ea58cc160 Exception <a 'sun/nio/fs/WindowsException'{0x00000000bed4a6d0}> (0x00000000bed4a6d0) 
thrown [e:\jenkins\tmp\workspace\build\src\src\hotspot\share\prims\jni.cpp, line 516]
Event: 16.356 Thread 0x0000023ea58cc160 Exception <a 'sun/nio/fs/WindowsException'{0x00000000bed4aa80}> (0x00000000bed4aa80) 
thrown [e:\jenkins\tmp\workspace\build\src\src\hotspot\share\prims\jni.cpp, line 516]
Event: 16.356 Thread 0x0000023ea58cc160 Exception <a 'sun/nio/fs/WindowsException'{0x00000000bed4b480}> (0x00000000bed4b480) 
thrown [e:\jenkins\tmp\workspace\build\src\src\hotspot\share\prims\jni.cpp, line 516]
Event: 16.356 Thread 0x0000023ea58cc160 Exception <a 'sun/nio/fs/WindowsException'{0x00000000bed4b840}> (0x00000000bed4b840) 
thrown [e:\jenkins\tmp\workspace\build\src\src\hotspot\share\prims\jni.cpp, line 516]
Event: 16.356 Thread 0x0000023ea58cc160 Exception <a 'sun/nio/fs/WindowsException'{0x00000000bed4c268}> (0x00000000bed4c268) 
thrown [e:\jenkins\tmp\workspace\build\src\src\hotspot\share\prims\jni.cpp, line 516]
Event: 16.356 Thread 0x0000023ea58cc160 Exception <a 'sun/nio/fs/WindowsException'{0x00000000bed4c648}> (0x00000000bed4c648) 
thrown [e:\jenkins\tmp\workspace\build\src\src\hotspot\share\prims\jni.cpp, line 516]
Event: 16.356 Thread 0x0000023ea58cc160 Exception <a 'sun/nio/fs/WindowsException'{0x00000000bed4d080}> (0x00000000bed4d080) 
thrown [e:\jenkins\tmp\workspace\build\src\src\hotspot\share\prims\jni.cpp, line 516]
Event: 16.356 Thread 0x0000023ea58cc160 Exception <a 'sun/nio/fs/WindowsException'{0x00000000bed4d470}> (0x00000000bed4d470) 
thrown [e:\jenkins\tmp\workspace\build\src\src\hotspot\share\prims\jni.cpp, line 516]
Event: 16.356 Thread 0x0000023ea58cc160 Exception <a 'sun/nio/fs/WindowsException'{0x00000000bed4de98}> (0x00000000bed4de98) 
thrown [e:\jenkins\tmp\workspace\build\src\src\hotspot\share\prims\jni.cpp, line 516]
Event: 16.356 Thread 0x0000023ea58cc160 Exception <a 'sun/nio/fs/WindowsException'{0x00000000bed4e288}> (0x00000000bed4e288) 
thrown [e:\jenkins\tmp\workspace\build\src\src\hotspot\share\prims\jni.cpp, line 516]
Event: 18.955 Thread 0x0000023ea5c224c0 Implicit null exception at 0x0000023e97d28088 to 0x0000023e97d2818f
Event: 42.523 Thread 0x0000023ea3d73220 Implicit null exception at 0x0000023e97aff7f7 to 0x0000023e97b0093b
Event: 57.678 Thread 0x0000023ea3d73220 Implicit null exception at 0x0000023e97cc8da5 to 0x0000023e97cc9341
Event: 85.183 Thread 0x0000023ea5c224c0 Implicit null exception at 0x0000023e988a05e2 to 0x0000023e988a1139
Event: 138.665 Thread 0x0000023ea5c73b70 Implicit null exception at 0x0000023e98900b5a to 0x0000023e98900d9b
Event: 249.116 Thread 0x0000023ea3f993a0 Exception <a 'java/lang/NoSuchMethodError'{0x00000000c928ccb8}: 'void java.lang.invoke.DirectMethodHandle$Holder.invokeStatic(java.lang.Object, long)'> (0x00000000c928ccb8) 
thrown [e:\jenkins\tmp\workspace\build\src\src\hotspot\share\interpreter\linkResolver.cpp, line 766]
Event: 249.123 Thread 0x0000023ea3f993a0 Exception <a 'java/lang/NoSuchMethodError'{0x00000000c9292060}: 'java.lang.Object java.lang.invoke.DirectMethodHandle$Holder.newInvokeSpecial(java.lang.Object, long)'> (0x00000000c9292060) 
thrown [e:\jenkins\tmp\workspace\build\src\src\hotspot\share\interpreter\linkResolver.cpp, line 766]
Event: 249.133 Thread 0x0000023ea3f993a0 Exception <a 'java/lang/NoSuchMethodError'{0x00000000c92988c0}: 'java.lang.Object java.lang.invoke.DirectMethodHandle$Holder.invokeStatic(java.lang.Object, java.lang.Object, long, java.lang.Object)'> (0x00000000c92988c0) 
thrown [e:\jenkins\tmp\workspace\build\src\src\hotspot\share\interpreter\linkResolver.cpp, line 766]
Event: 249.134 Thread 0x0000023ea3f993a0 Exception <a 'java/lang/NoSuchMethodError'{0x00000000c929c098}: 'java.lang.Object java.lang.invoke.DirectMethodHandle$Holder.invokeStaticInit(java.lang.Object, java.lang.Object, long, java.lang.Object)'> (0x00000000c929c098) 
thrown [e:\jenkins\tmp\workspace\build\src\src\hotspot\share\interpreter\linkResolver.cpp, line 766]
Event: 249.139 Thread 0x0000023ea3f993a0 Exception <a 'java/lang/NoSuchMethodError'{0x00000000c1608e70}: 'java.lang.Object java.lang.invoke.DirectMethodHandle$Holder.newInvokeSpecial(java.lang.Object, java.lang.Object, long)'> (0x00000000c1608e70) 
thrown [e:\jenkins\tmp\workspace\build\src\src\hotspot\share\interpreter\linkResolver.cpp, line 766]

VM Operations (20 events):
Event: 14873.901 Executing VM operation: G1CollectFull done
Event: 14884.348 Executing VM operation: G1CollectFull
Event: 14884.391 Executing VM operation: G1CollectFull done
Event: 14894.843 Executing VM operation: G1CollectFull
Event: 14894.882 Executing VM operation: G1CollectFull done
Event: 14905.474 Executing VM operation: G1CollectFull
Event: 14905.520 Executing VM operation: G1CollectFull done
Event: 14916.084 Executing VM operation: G1CollectFull
Event: 14916.144 Executing VM operation: G1CollectFull done
Event: 14926.828 Executing VM operation: G1CollectFull
Event: 14926.900 Executing VM operation: G1CollectFull done
Event: 14937.551 Executing VM operation: G1CollectFull
Event: 14937.641 Executing VM operation: G1CollectFull done
Event: 14948.050 Executing VM operation: G1CollectFull
Event: 14948.089 Executing VM operation: G1CollectFull done
Event: 14958.558 Executing VM operation: G1CollectFull
Event: 14958.601 Executing VM operation: G1CollectFull done
Event: 14969.077 Executing VM operation: G1CollectFull
Event: 14969.124 Executing VM operation: G1CollectFull done
Event: 14979.548 Executing VM operation: G1CollectFull

Events (20 events):
Event: 249.054 loading class java/lang/ProcessBuilder
Event: 249.072 loading class java/lang/ProcessBuilder done
Event: 249.072 loading class java/lang/ProcessImpl
Event: 249.084 loading class java/lang/Process
Event: 249.087 loading class java/lang/Process done
Event: 249.087 loading class java/lang/ProcessImpl done
Event: 249.124 loading class java/lang/ProcessHandleImpl
Event: 249.127 loading class java/lang/ProcessHandle
Event: 249.127 loading class java/lang/ProcessHandle done
Event: 249.128 loading class java/lang/ProcessHandleImpl done
Event: 249.141 loading class java/lang/ProcessImpl$2
Event: 249.143 loading class java/lang/ProcessImpl$2 done
Event: 249.143 loading class java/lang/Process$PipeInputStream
Event: 249.143 loading class java/lang/Process$PipeInputStream done
Event: 249.181 loading class jdk/internal/event/ProcessStartEvent
Event: 249.183 loading class jdk/internal/event/ProcessStartEvent done
Event: 277.015 Thread 0x0000023ea3d73220 Thread exited: 0x0000023ea3d73220
Event: 277.312 Thread 0x0000023ea5c224c0 Thread exited: 0x0000023ea5c224c0
Event: 337.029 Thread 0x0000023ea44dcb60 Thread exited: 0x0000023ea44dcb60
Event: 397.047 Thread 0x0000023ea44e0520 Thread exited: 0x0000023ea44e0520


Dynamic libraries:
0x00007ff796300000 - 0x00007ff79630e000 	c:\Users\samee\.vscode\extensions\redhat.java-1.9.0-win32-x64\jre\17.0.3-win32-x86_64\bin\java.exe
0x00007ffd04880000 - 0x00007ffd04a89000 	C:\Windows\SYSTEM32\ntdll.dll
0x00007ffd030d0000 - 0x00007ffd0318d000 	C:\Windows\System32\KERNEL32.DLL
0x00007ffd01e10000 - 0x00007ffd02189000 	C:\Windows\System32\KERNELBASE.dll
0x00007ffd022f0000 - 0x00007ffd02401000 	C:\Windows\System32\ucrtbase.dll
0x00007ffceb870000 - 0x00007ffceb888000 	c:\Users\samee\.vscode\extensions\redhat.java-1.9.0-win32-x64\jre\17.0.3-win32-x86_64\bin\jli.dll
0x00007ffceb910000 - 0x00007ffceb929000 	c:\Users\samee\.vscode\extensions\redhat.java-1.9.0-win32-x64\jre\17.0.3-win32-x86_64\bin\VCRUNTIME140.dll
0x00007ffd03960000 - 0x00007ffd03b0c000 	C:\Windows\System32\USER32.dll
0x00007ffce56a0000 - 0x00007ffce5945000 	C:\Windows\WinSxS\amd64_microsoft.windows.common-controls_6595b64144ccf1df_6.0.22000.120_none_9d947278b86cc467\COMCTL32.dll
0x00007ffd01de0000 - 0x00007ffd01e06000 	C:\Windows\System32\win32u.dll
0x00007ffd02b20000 - 0x00007ffd02bc3000 	C:\Windows\System32\msvcrt.dll
0x00007ffd03890000 - 0x00007ffd038b9000 	C:\Windows\System32\GDI32.dll
0x00007ffd025f0000 - 0x00007ffd02702000 	C:\Windows\System32\gdi32full.dll
0x00007ffd02190000 - 0x00007ffd0222d000 	C:\Windows\System32\msvcp_win.dll
0x00007ffd02920000 - 0x00007ffd02951000 	C:\Windows\System32\IMM32.DLL
0x00007ffcf3c70000 - 0x00007ffcf3c7c000 	c:\Users\samee\.vscode\extensions\redhat.java-1.9.0-win32-x64\jre\17.0.3-win32-x86_64\bin\vcruntime140_1.dll
0x00007ffcb6c10000 - 0x00007ffcb6ca1000 	c:\Users\samee\.vscode\extensions\redhat.java-1.9.0-win32-x64\jre\17.0.3-win32-x86_64\bin\msvcp140.dll
0x00007ffc9e2d0000 - 0x00007ffc9ef18000 	c:\Users\samee\.vscode\extensions\redhat.java-1.9.0-win32-x64\jre\17.0.3-win32-x86_64\bin\server\jvm.dll
0x00007ffd036b0000 - 0x00007ffd0375e000 	C:\Windows\System32\ADVAPI32.dll
0x00007ffd038c0000 - 0x00007ffd0395e000 	C:\Windows\System32\sechost.dll
0x00007ffd02a00000 - 0x00007ffd02b20000 	C:\Windows\System32\RPCRT4.dll
0x00007ffd02bd0000 - 0x00007ffd02bd8000 	C:\Windows\System32\PSAPI.DLL
0x00007ffcfa7e0000 - 0x00007ffcfa813000 	C:\Windows\SYSTEM32\WINMM.dll
0x00007ffcfa1e0000 - 0x00007ffcfa1ea000 	C:\Windows\SYSTEM32\VERSION.dll
0x00007ffcf0e50000 - 0x00007ffcf0e59000 	C:\Windows\SYSTEM32\WSOCK32.dll
0x00007ffd03820000 - 0x00007ffd0388f000 	C:\Windows\System32\WS2_32.dll
0x00007ffd00ed0000 - 0x00007ffd00ee8000 	C:\Windows\SYSTEM32\kernel.appcore.dll
0x00007ffcf3530000 - 0x00007ffcf353a000 	c:\Users\samee\.vscode\extensions\redhat.java-1.9.0-win32-x64\jre\17.0.3-win32-x86_64\bin\jimage.dll
0x00007ffcff970000 - 0x00007ffcffb91000 	C:\Windows\SYSTEM32\DBGHELP.DLL
0x00007ffce7520000 - 0x00007ffce7551000 	C:\Windows\SYSTEM32\dbgcore.DLL
0x00007ffd01d60000 - 0x00007ffd01ddf000 	C:\Windows\System32\bcryptPrimitives.dll
0x00007ffce91b0000 - 0x00007ffce91d5000 	c:\Users\samee\.vscode\extensions\redhat.java-1.9.0-win32-x64\jre\17.0.3-win32-x86_64\bin\java.dll
0x00007ffceb6a0000 - 0x00007ffceb6b8000 	c:\Users\samee\.vscode\extensions\redhat.java-1.9.0-win32-x64\jre\17.0.3-win32-x86_64\bin\zip.dll
0x00007ffd03cf0000 - 0x00007ffd044a8000 	C:\Windows\System32\SHELL32.dll
0x00007ffcffed0000 - 0x00007ffd00737000 	C:\Windows\SYSTEM32\windows.storage.dll
0x00007ffd03190000 - 0x00007ffd03509000 	C:\Windows\System32\combase.dll
0x00007ffcffd60000 - 0x00007ffcffec6000 	C:\Windows\SYSTEM32\wintypes.dll
0x00007ffd04670000 - 0x00007ffd0475a000 	C:\Windows\System32\SHCORE.dll
0x00007ffd02be0000 - 0x00007ffd02c3d000 	C:\Windows\System32\shlwapi.dll
0x00007ffd01c90000 - 0x00007ffd01cb1000 	C:\Windows\SYSTEM32\profapi.dll
0x00007ffceb850000 - 0x00007ffceb869000 	C:\Users\samee\.vscode\extensions\redhat.java-1.9.0-win32-x64\jre\17.0.3-win32-x86_64\bin\net.dll
0x00007ffcfbc80000 - 0x00007ffcfbd8c000 	C:\Windows\SYSTEM32\WINHTTP.dll
0x00007ffd01300000 - 0x00007ffd01367000 	C:\Windows\system32\mswsock.dll
0x00007ffceb320000 - 0x00007ffceb335000 	C:\Users\samee\.vscode\extensions\redhat.java-1.9.0-win32-x64\jre\17.0.3-win32-x86_64\bin\nio.dll
0x00007ffcf0ee0000 - 0x00007ffcf0ef0000 	c:\Users\samee\.vscode\extensions\redhat.java-1.9.0-win32-x64\jre\17.0.3-win32-x86_64\bin\verify.dll
0x00007ffcf4f40000 - 0x00007ffcf4f49000 	C:\Users\samee\.vscode\extensions\redhat.java-1.9.0-win32-x64\jre\17.0.3-win32-x86_64\bin\management.dll
0x00007ffcf4f30000 - 0x00007ffcf4f3b000 	C:\Users\samee\.vscode\extensions\redhat.java-1.9.0-win32-x64\jre\17.0.3-win32-x86_64\bin\management_ext.dll
0x00007ffcda550000 - 0x00007ffcda567000 	C:\Windows\system32\napinsp.dll
0x00007ffcda530000 - 0x00007ffcda54b000 	C:\Windows\system32\pnrpnsp.dll
0x00007ffd00a50000 - 0x00007ffd00b38000 	C:\Windows\SYSTEM32\DNSAPI.dll
0x00007ffd009d0000 - 0x00007ffd009fd000 	C:\Windows\SYSTEM32\IPHLPAPI.DLL
0x00007ffd03bf0000 - 0x00007ffd03bf9000 	C:\Windows\System32\NSI.dll
0x00007ffcda510000 - 0x00007ffcda522000 	C:\Windows\System32\winrnr.dll
0x00007ffcda4f0000 - 0x00007ffcda505000 	C:\Windows\system32\wshbth.dll
0x00007ffcda4d0000 - 0x00007ffcda4ef000 	C:\Windows\system32\nlansp_c.dll
0x00007ffcf4220000 - 0x00007ffcf422a000 	C:\Windows\System32\rasadhlp.dll
0x00007ffcf9e10000 - 0x00007ffcf9e91000 	C:\Windows\System32\fwpuclnt.dll
0x00007ffd015d0000 - 0x00007ffd015e8000 	C:\Windows\SYSTEM32\CRYPTSP.dll
0x00007ffd00e30000 - 0x00007ffd00e65000 	C:\Windows\system32\rsaenh.dll
0x00007ffd01420000 - 0x00007ffd01449000 	C:\Windows\SYSTEM32\USERENV.dll
0x00007ffd01740000 - 0x00007ffd01767000 	C:\Windows\SYSTEM32\bcrypt.dll
0x00007ffd015c0000 - 0x00007ffd015cc000 	C:\Windows\SYSTEM32\CRYPTBASE.dll
0x00007ffcfb640000 - 0x00007ffcfb659000 	C:\Windows\SYSTEM32\dhcpcsvc6.DLL
0x00007ffcfc420000 - 0x00007ffcfc43e000 	C:\Windows\SYSTEM32\dhcpcsvc.DLL

dbghelp: loaded successfully - version: 4.0.5 - missing functions: none
symbol engine: initialized successfully - sym options: 0x614 - pdb path: .;c:\Users\samee\.vscode\extensions\redhat.java-1.9.0-win32-x64\jre\17.0.3-win32-x86_64\bin;C:\Windows\SYSTEM32;C:\Windows\WinSxS\amd64_microsoft.windows.common-controls_6595b64144ccf1df_6.0.22000.120_none_9d947278b86cc467;c:\Users\samee\.vscode\extensions\redhat.java-1.9.0-win32-x64\jre\17.0.3-win32-x86_64\bin\server

VM Arguments:
jvm_args: -Dsts.lsp.client=vscode -Dsts.log.file=/dev/null -XX:TieredStopAtLevel=1 -Dspring.config.location=file:c:\Users\samee\.vscode\extensions\pivotal.vscode-spring-boot-1.38.0\language-server\BOOT-INF\classes\application.properties 
java_command: org.springframework.ide.vscode.boot.app.BootLanguageServerBootApp
java_class_path (initial): c:\Users\samee\.vscode\extensions\pivotal.vscode-spring-boot-1.38.0\language-server\BOOT-INF\classes;c:\Users\samee\.vscode\extensions\pivotal.vscode-spring-boot-1.38.0\language-server\BOOT-INF\lib\annotations-23.0.0.jar;c:\Users\samee\.vscode\extensions\pivotal.vscode-spring-boot-1.38.0\language-server\BOOT-INF\lib\antlr-runtime-3.5.2.jar;c:\Users\samee\.vscode\extensions\pivotal.vscode-spring-boot-1.38.0\language-server\BOOT-INF\lib\antlr4-4.9.3.jar;c:\Users\samee\.vscode\extensions\pivotal.vscode-spring-boot-1.38.0\language-server\BOOT-INF\lib\antlr4-runtime-4.9.3.jar;c:\Users\samee\.vscode\extensions\pivotal.vscode-spring-boot-1.38.0\language-server\BOOT-INF\lib\asm-9.3.jar;c:\Users\samee\.vscode\extensions\pivotal.vscode-spring-boot-1.38.0\language-server\BOOT-INF\lib\asm-analysis-9.3.jar;c:\Users\samee\.vscode\extensions\pivotal.vscode-spring-boot-1.38.0\language-server\BOOT-INF\lib\asm-tree-9.3.jar;c:\Users\samee\.vscode\extensions\pivotal.vscode-spring-boot-1.38.0\language-server\BOOT-INF\lib\asm-util-9.3.jar;c:\Users\samee\.vscode\extensions\pivotal.vscode-spring-boot-1.38.0\language-server\BOOT-INF\lib\byte-buddy-1.10.18.jar;c:\Users\samee\.vscode\extensions\pivotal.vscode-spring-boot-1.38.0\language-server\BOOT-INF\lib\caffeine-2.8.6.jar;c:\Users\samee\.vscode\extensions\pivotal.vscode-spring-boot-1.38.0\language-server\BOOT-INF\lib\checker-qual-3.12.0.jar;c:\Users\samee\.vscode\extensions\pivotal.vscode-spring-boot-1.38.0\language-server\BOOT-INF\lib\classgraph-4.8.149.jar;c:\Users\samee\.vscode\extensions\pivotal.vscode-spring-boot-1.38.0\language-server\BOOT-INF\lib\commons-codec-1.14.jar;c:\Users\samee\.vscode\extensions\pivotal.vscode-spring-boot-1.38.0\language-server\BOOT-INF\lib\commons-compress-1.21.jar;c:\Users\samee\.vscode\extensions\pivotal.vscode-spring-boot-1.38.0\language-server\BOOT-INF\lib\commons-exec-1.3.jar;c:\Users\samee\.vscode\extensions\pivotal.vscode-spring-boot-1.38.0\language-server\BOOT-INF\lib\com
Launcher Type: SUN_STANDARD

[Global flags]
     intx CICompilerCount                          = 4                                         {product} {ergonomic}
     uint ConcGCThreads                            = 3                                         {product} {ergonomic}
     uint G1ConcRefinementThreads                  = 10                                        {product} {ergonomic}
   size_t G1HeapRegionSize                         = 1048576                                   {product} {ergonomic}
    uintx GCDrainStackTargetSize                   = 64                                        {product} {ergonomic}
   size_t InitialHeapSize                          = 98566144                                  {product} {ergonomic}
   size_t MarkStackSize                            = 4194304                                   {product} {ergonomic}
   size_t MaxHeapSize                              = 1574961152                                {product} {ergonomic}
   size_t MaxNewSize                               = 944766976                                 {product} {ergonomic}
   size_t MinHeapDeltaBytes                        = 1048576                                   {product} {ergonomic}
   size_t MinHeapSize                              = 8388608                                   {product} {ergonomic}
    uintx NonProfiledCodeHeapSize                  = 0                                      {pd product} {ergonomic}
     bool ProfileInterpreter                       = false                                  {pd product} {command line}
    uintx ProfiledCodeHeapSize                     = 0                                      {pd product} {ergonomic}
   size_t SoftMaxHeapSize                          = 1574961152                             {manageable} {ergonomic}
     intx TieredStopAtLevel                        = 1                                         {product} {command line}
     bool UseCompressedClassPointers               = true                           {product lp64_product} {ergonomic}
     bool UseCompressedOops                        = true                           {product lp64_product} {ergonomic}
     bool UseG1GC                                  = true                                      {product} {ergonomic}
     bool UseLargePagesIndividualAllocation        = false                                  {pd product} {ergonomic}

Logging:
Log output configuration:
 #0: stdout all=warning uptime,level,tags
 #1: stderr all=off uptime,level,tags

Environment Variables:
PATH=C:\Python310\Scripts\;C:\Python310\;C:\Program Files\ImageMagick-7.1.0-Q16-HDRI;C:\oracle\product\10.2.0\db_1\bin;C:\Windows\system32;C:\Windows;C:\Windows\System32\Wbem;C:\Windows\System32\WindowsPowerShell\v1.0\;C:\Windows\System32\OpenSSH\;C:\Program Files (x86)\dotnet\;C:\Program Files\Java\jdk1.8.0_162\jre\bin;C:\java;C:\Program Files\Git\cmd;C:\ProgramData\chocolatey\bin;C:\Program Files\nodejs\;C:\Program Files\GitHub CLI\;C:\Program Files\Java\jdk1.8.0_162\bin;C:\Program Files\Java\jdk1.8.0_162\jre\bin;;C:\Users\samee\AppData\Local\Programs\Microsoft VS Code\bin;C:\Program Files\JetBrains\IntelliJ IDEA Community Edition 2022.1\bin;;C:\Users\samee\AppData\Roaming\npm
USERNAME=samee
OS=Windows_NT
PROCESSOR_IDENTIFIER=AMD64 Family 23 Model 104 Stepping 1, AuthenticAMD



---------------  S Y S T E M  ---------------

OS:
 Windows 11 , 64 bit Build 22000 (10.0.22000.708)
OS uptime: 15 days 9:09 hours

CPU: total 12 (initial active 12) (12 cores per cpu, 2 threads per core) family 23 model 104 stepping 1 microcode 0x0, cx8, cmov, fxsr, ht, mmx, 3dnowpref, sse, sse2, sse3, ssse3, sse4a, sse4.1, sse4.2, popcnt, lzcnt, tsc, tscinvbit, avx, avx2, aes, clmul, bmi1, bmi2, adx, sha, fma, vzeroupper, clflush, clflushopt

Memory: 4k page, system-wide physical 6005M (167M free)
TotalPageFile size 24437M (AvailPageFile size 10M)
current process WorkingSet (physical memory assigned to process): 71M, peak: 733M
current process commit charge ("private bytes"): 291M, peak: 874M

vm_info: OpenJDK 64-Bit Server VM (17.0.3+7) for windows-amd64 JRE (17.0.3+7), built on Apr 19 2022 16:55:35 by "" with MS VC++ 16.7 (VS2019)

END.
